Tentando se conectar ao servidor SMTP
Conex達o com SMTP Realizada com sucesso
Autenticando no SMTP
Autentica realizada com sucesso
Enviando Email
Email enviado com sucesso
Tentando se conectar ao servidor SMTP
Conex達o com SMTP Realizada com sucesso
Autenticando no SMTP
Autentica realizada com sucesso
Enviando Email
Email enviado com sucesso
Tentando se conectar ao servidor SMTP
Conex達o com SMTP Realizada com sucesso
Autenticando no SMTP
Autentica realizada com sucesso
Enviando Email
Email enviado com sucesso
Tentando se conectar ao servidor SMTP
Conex達o com SMTP Realizada com sucesso
Autenticando no SMTP
Autentica realizada com sucesso
Enviando Email
Email enviado com sucesso
