Tentando se conectar ao servidor SMTP
Conexão com SMTP Realizada com sucesso
Autenticando no SMTP
Autentica realizada com sucesso
Enviando Email
Email enviado com sucesso
Tentando se conectar ao servidor SMTP
Conexão com SMTP Realizada com sucesso
Autenticando no SMTP
Autentica realizada com sucesso
Enviando Email
Email enviado com sucesso
Tentando se conectar ao servidor SMTP
Conexão com SMTP Realizada com sucesso
Autenticando no SMTP
Autentica realizada com sucesso
Enviando Email
Tentando se conectar ao servidor SMTP
Conexão com SMTP Realizada com sucesso
Autenticando no SMTP
Autentica realizada com sucesso
Enviando Email
Tentando se conectar ao servidor SMTP
Conexão com SMTP Realizada com sucesso
Autenticando no SMTP
Autentica realizada com sucesso
Enviando Email
Tentando se conectar ao servidor SMTP
Conexão com SMTP Realizada com sucesso
Autenticando no SMTP
Autentica realizada com sucesso
Enviando Email
Tentando se conectar ao servidor SMTP
Conexão com SMTP Realizada com sucesso
Autenticando no SMTP
Autentica realizada com sucesso
Enviando Email
Tentando se conectar ao servidor SMTP
Conexão com SMTP Realizada com sucesso
Autenticando no SMTP
Autentica realizada com sucesso
Enviando Email
Tentando se conectar ao servidor SMTP
Conexão com SMTP Realizada com sucesso
Autenticando no SMTP
Autentica realizada com sucesso
Enviando Email
Tentando se conectar ao servidor SMTP
Conexão com SMTP Realizada com sucesso
Autenticando no SMTP
Autentica realizada com sucesso
Enviando Email
Tentando se conectar ao servidor SMTP
Conexão com SMTP Realizada com sucesso
Autenticando no SMTP
Autentica realizada com sucesso
Enviando Email
Tentando se conectar ao servidor SMTP
Conexão com SMTP Realizada com sucesso
Autenticando no SMTP
Autentica realizada com sucesso
Enviando Email
Tentando se conectar ao servidor SMTP
Conexão com SMTP Realizada com sucesso
Autenticando no SMTP
Autentica realizada com sucesso
Enviando Email
Tentando se conectar ao servidor SMTP
Conexão com SMTP Realizada com sucesso
Autenticando no SMTP
Autentica realizada com sucesso
Enviando Email
Tentando se conectar ao servidor SMTP
Conexão com SMTP Realizada com sucesso
Autenticando no SMTP
Autentica realizada com sucesso
Enviando Email
Tentando se conectar ao servidor SMTP
Conexão com SMTP Realizada com sucesso
Autenticando no SMTP
Autentica realizada com sucesso
Enviando Email
Tentando se conectar ao servidor SMTP
Conexão com SMTP Realizada com sucesso
Autenticando no SMTP
Autentica realizada com sucesso
Enviando Email
Tentando se conectar ao servidor SMTP
Conexão com SMTP Realizada com sucesso
Autenticando no SMTP
Autentica realizada com sucesso
Enviando Email
Tentando se conectar ao servidor SMTP
Conexão com SMTP Realizada com sucesso
Autenticando no SMTP
Autentica realizada com sucesso
Enviando Email
Tentando se conectar ao servidor SMTP
Conexão com SMTP Realizada com sucesso
Autenticando no SMTP
Autentica realizada com sucesso
Enviando Email
Tentando se conectar ao servidor SMTP
Conexão com SMTP Realizada com sucesso
Autenticando no SMTP
Autentica realizada com sucesso
Enviando Email
Tentando se conectar ao servidor SMTP
Tentando se conectar ao servidor SMTP
Conexão com SMTP Realizada com sucesso
Autenticando no SMTP
Tentando se conectar ao servidor SMTP
Autentica realizada com sucesso
Enviando Email
Conexão com SMTP Realizada com sucesso
Autenticando no SMTP
Autentica realizada com sucesso
Enviando Email
Conexão com SMTP Realizada com sucesso
Autenticando no SMTP
Autentica realizada com sucesso
Enviando Email
Tentando se conectar ao servidor SMTP
Tentando se conectar ao servidor SMTP
Tentando se conectar ao servidor SMTP
Tentando se conectar ao servidor SMTP
Tentando se conectar ao servidor SMTP
Conexão com SMTP Realizada com sucesso
Autenticando no SMTP
Conexão com SMTP Realizada com sucesso
Autenticando no SMTP
Autentica realizada com sucesso
Enviando Email
Autentica realizada com sucesso
Enviando Email
Conexão com SMTP Realizada com sucesso
Autenticando no SMTP
Conexão com SMTP Realizada com sucesso
Autenticando no SMTP
Autentica realizada com sucesso
Enviando Email
Conexão com SMTP Realizada com sucesso
Autenticando no SMTP
Autentica realizada com sucesso
Enviando Email
Tentando se conectar ao servidor SMTP
Tentando se conectar ao servidor SMTP
Conexão com SMTP Realizada com sucesso
Autenticando no SMTP
Autentica realizada com sucesso
Enviando Email
Conexão com SMTP Realizada com sucesso
Autenticando no SMTP
Autentica realizada com sucesso
Enviando Email
Tentando se conectar ao servidor SMTP
Conexão com SMTP Realizada com sucesso
Autenticando no SMTP
Autentica realizada com sucesso
Enviando Email
Tentando se conectar ao servidor SMTP
Conexão com SMTP Realizada com sucesso
Autenticando no SMTP
Autentica realizada com sucesso
Enviando Email
Tentando se conectar ao servidor SMTP
Conexão com SMTP Realizada com sucesso
Autenticando no SMTP
Autentica realizada com sucesso
Enviando Email
Tentando se conectar ao servidor SMTP
Conexão com SMTP Realizada com sucesso
Autenticando no SMTP
Autentica realizada com sucesso
Enviando Email
Tentando se conectar ao servidor SMTP
Conexão com SMTP Realizada com sucesso
Autenticando no SMTP
Autentica realizada com sucesso
Enviando Email
Tentando se conectar ao servidor SMTP
Conexão com SMTP Realizada com sucesso
Autenticando no SMTP
Autentica realizada com sucesso
Enviando Email
